This file contains any messages produced by compilers while
running configure, to aid debugging if configure makes a mistake.

It was created by MASA-OmpSs configure 1.0.1.1024, which was
generated by GNU Autoconf 2.69.  Invocation command line was

  $ ./configure 

## --------- ##
## Platform. ##
## --------- ##

hostname = rafael-Aspire-VX5-591G
uname -m = x86_64
uname -r = 5.0.0-23-generic
uname -s = Linux
uname -v = #24~18.04.1-Ubuntu SMP Mon Jul 29 16:12:28 UTC 2019

/usr/bin/uname -p = unknown
/bin/uname -X     = unknown

/bin/arch              = unknown
/usr/bin/arch -k       = unknown
/usr/convex/getsysinfo = unknown
/usr/bin/hostinfo      = unknown
/bin/machine           = unknown
/usr/bin/oslevel       = unknown
/bin/universe          = unknown

PATH: /usr/local/sbin
PATH: /usr/local/bin
PATH: /usr/sbin
PATH: /usr/bin
PATH: /sbin
PATH: /bin
PATH: /snap/bin


## ----------- ##
## Core tests. ##
## ----------- ##

configure:1856: checking for a BSD-compatible install
configure:1924: result: /usr/bin/install -c
configure:1935: checking whether build environment is sane
configure:1985: result: yes
configure:2126: checking for a thread-safe mkdir -p
configure:2165: result: /bin/mkdir -p
configure:2178: checking for gawk
configure:2208: result: no
configure:2178: checking for mawk
configure:2194: found /usr/bin/mawk
configure:2205: result: mawk
configure:2216: checking whether make sets $(MAKE)
configure:2238: result: yes
configure:2386: checking for g++
configure:2402: found /usr/bin/g++
configure:2413: result: g++
configure:2440: checking for C++ compiler version
configure:2449: g++ --version >&5
g++ (Ubuntu 7.4.0-1ubuntu1~18.04.1) 7.4.0
Copyright (C) 2017 Free Software Foundation, Inc.
This is free software; see the source for copying conditions.  There is NO
warranty; not even for MERCHANTABILITY or FITNESS FOR A PARTICULAR PURPOSE.

configure:2460: $? = 0
configure:2449: g++ -v >&5
Using built-in specs.
COLLECT_GCC=g++
COLLECT_LTO_WRAPPER=/usr/lib/gcc/x86_64-linux-gnu/7/lto-wrapper
OFFLOAD_TARGET_NAMES=nvptx-none
OFFLOAD_TARGET_DEFAULT=1
Target: x86_64-linux-gnu
Configured with: ../src/configure -v --with-pkgversion='Ubuntu 7.4.0-1ubuntu1~18.04.1' --with-bugurl=file:///usr/share/doc/gcc-7/README.Bugs --enable-languages=c,ada,c++,go,brig,d,fortran,objc,obj-c++ --prefix=/usr --with-gcc-major-version-only --program-suffix=-7 --program-prefix=x86_64-linux-gnu- --enable-shared --enable-linker-build-id --libexecdir=/usr/lib --without-included-gettext --enable-threads=posix --libdir=/usr/lib --enable-nls --with-sysroot=/ --enable-clocale=gnu --enable-libstdcxx-debug --enable-libstdcxx-time=yes --with-default-libstdcxx-abi=new --enable-gnu-unique-object --disable-vtable-verify --enable-libmpx --enable-plugin --enable-default-pie --with-system-zlib --with-target-system-zlib --enable-objc-gc=auto --enable-multiarch --disable-werror --with-arch-32=i686 --with-abi=m64 --with-multilib-list=m32,m64,mx32 --enable-multilib --with-tune=generic --enable-offload-targets=nvptx-none --without-cuda-driver --enable-checking=release --build=x86_64-linux-gnu --host=x86_64-linux-gnu --target=x86_64-linux-gnu
Thread model: posix
gcc version 7.4.0 (Ubuntu 7.4.0-1ubuntu1~18.04.1) 
configure:2460: $? = 0
configure:2449: g++ -V >&5
g++: error: unrecognized command line option '-V'
g++: fatal error: no input files
compilation terminated.
configure:2460: $? = 1
configure:2449: g++ -qversion >&5
g++: error: unrecognized command line option '-qversion'; did you mean '--version'?
g++: fatal error: no input files
compilation terminated.
configure:2460: $? = 1
configure:2480: checking whether the C++ compiler works
configure:2502: g++    conftest.cpp  >&5
configure:2506: $? = 0
configure:2554: result: yes
configure:2557: checking for C++ compiler default output file name
configure:2559: result: a.out
configure:2565: checking for suffix of executables
configure:2572: g++ -o conftest    conftest.cpp  >&5
configure:2576: $? = 0
configure:2598: result: 
configure:2620: checking whether we are cross compiling
configure:2628: g++ -o conftest    conftest.cpp  >&5
configure:2632: $? = 0
configure:2639: ./conftest
configure:2643: $? = 0
configure:2658: result: no
configure:2663: checking for suffix of object files
configure:2685: g++ -c   conftest.cpp >&5
configure:2689: $? = 0
configure:2710: result: o
configure:2714: checking whether we are using the GNU C++ compiler
configure:2733: g++ -c   conftest.cpp >&5
configure:2733: $? = 0
configure:2742: result: yes
configure:2751: checking whether g++ accepts -g
configure:2771: g++ -c -g  conftest.cpp >&5
configure:2771: $? = 0
configure:2812: result: yes
configure:2846: checking for style of include used by make
configure:2874: result: GNU
configure:2900: checking dependency style of g++
configure:3011: result: gcc3
configure:3030: checking for libs/masa-core
configure:3044: result: yes
configure:3059: checking for libs/masa-core/src
configure:3073: result: yes
configure:3113: checking for mcxx
configure:3131: found /usr/local/bin/mcxx
configure:3143: result: /usr/local/bin/mcxx
configure:3188: Enabling 64bit compilation
configure:3334: creating ./config.status

## ---------------------- ##
## Running config.status. ##
## ---------------------- ##

This file was extended by MASA-OmpSs config.status 1.0.1.1024, which was
generated by GNU Autoconf 2.69.  Invocation command line was

  CONFIG_FILES    = 
  CONFIG_HEADERS  = 
  CONFIG_LINKS    = 
  CONFIG_COMMANDS = 
  $ ./config.status 

on rafael-Aspire-VX5-591G

config.status:842: creating Makefile
config.status:842: creating src/config.h
config.status:1023: src/config.h is unchanged
config.status:1071: executing depfiles commands
configure:4719: === configuring in libs/masa-core (/home/rafael/PesquisaMestrado/MASA-OmpSs/masa-ompss-1.0.1.1024/libs/masa-core)
configure:4782: running /bin/bash ./configure --disable-option-checking '--prefix=/usr/local'  --cache-file=/dev/null --srcdir=.

## ---------------- ##
## Cache variables. ##
## ---------------- ##

ac_cv_cxx_compiler_gnu=yes
ac_cv_env_CCC_set=
ac_cv_env_CCC_value=
ac_cv_env_CPPFLAGS_set=
ac_cv_env_CPPFLAGS_value=
ac_cv_env_CXXFLAGS_set=
ac_cv_env_CXXFLAGS_value=
ac_cv_env_CXX_set=
ac_cv_env_CXX_value=
ac_cv_env_LDFLAGS_set=
ac_cv_env_LDFLAGS_value=
ac_cv_env_LIBS_set=
ac_cv_env_LIBS_value=
ac_cv_env_build_alias_set=
ac_cv_env_build_alias_value=
ac_cv_env_host_alias_set=
ac_cv_env_host_alias_value=
ac_cv_env_target_alias_set=
ac_cv_env_target_alias_value=
ac_cv_file_libs_masa_core=yes
ac_cv_file_libs_masa_core_src=yes
ac_cv_objext=o
ac_cv_path_install='/usr/bin/install -c'
ac_cv_path_mcxx=/usr/local/bin/mcxx
ac_cv_path_mkdir=/bin/mkdir
ac_cv_prog_AWK=mawk
ac_cv_prog_ac_ct_CXX=g++
ac_cv_prog_cxx_g=yes
ac_cv_prog_make_make_set=yes
am_cv_CXX_dependencies_compiler_type=gcc3

## ----------------- ##
## Output variables. ##
## ----------------- ##

ACLOCAL='${SHELL} /home/rafael/PesquisaMestrado/MASA-OmpSs/masa-ompss-1.0.1.1024/admin/missing --run aclocal-1.11'
AMDEPBACKSLASH='\'
AMDEP_FALSE='#'
AMDEP_TRUE=''
AMTAR='$${TAR-tar}'
AUTOCONF='${SHELL} /home/rafael/PesquisaMestrado/MASA-OmpSs/masa-ompss-1.0.1.1024/admin/missing --run autoconf'
AUTOHEADER='${SHELL} /home/rafael/PesquisaMestrado/MASA-OmpSs/masa-ompss-1.0.1.1024/admin/missing --run autoheader'
AUTOMAKE='${SHELL} /home/rafael/PesquisaMestrado/MASA-OmpSs/masa-ompss-1.0.1.1024/admin/missing --run automake-1.11'
AWK='mawk'
CPPFLAGS=''
CXX='g++'
CXXDEPMODE='depmode=gcc3'
CXXFLAGS='-DUNIX  -m64 -O3  -I/usr/include/starpu/1.2 -k  -Ilibs/masa-core/src'
CYGPATH_W='echo'
DEFS='-DHAVE_CONFIG_H'
DEPDIR='.deps'
ECHO_C=''
ECHO_N='-n'
ECHO_T=''
EXEEXT=''
INSTALL_DATA='${INSTALL} -m 644'
INSTALL_PROGRAM='${INSTALL}'
INSTALL_SCRIPT='${INSTALL}'
INSTALL_STRIP_PROGRAM='$(install_sh) -c -s'
LDFLAGS=''
LIBMASA_PATH='libs/masa-core'
LIBOBJS=''
LIBS=''
LTLIBOBJS=''
MAKEINFO='${SHELL} /home/rafael/PesquisaMestrado/MASA-OmpSs/masa-ompss-1.0.1.1024/admin/missing --run makeinfo'
MKDIR_P='/bin/mkdir -p'
OBJEXT='o'
PACKAGE='masa-ompss'
PACKAGE_BUGREPORT='edans.sandes@gmail.com'
PACKAGE_NAME='MASA-OmpSs'
PACKAGE_STRING='MASA-OmpSs 1.0.1.1024'
PACKAGE_TARNAME='masa-ompss'
PACKAGE_URL='https://sourceforge.net/projects/cudalign/'
PACKAGE_VERSION='1.0.1.1024'
PATH_SEPARATOR=':'
SET_MAKE=''
SHELL='/bin/bash'
STRIP=''
VERSION='1.0.1.1024'
ac_ct_CXX='g++'
am__EXEEXT_FALSE=''
am__EXEEXT_TRUE='#'
am__fastdepCXX_FALSE='#'
am__fastdepCXX_TRUE=''
am__include='include'
am__isrc=''
am__leading_dot='.'
am__nodep='_no'
am__quote=''
am__tar='$${TAR-tar} chof - "$$tardir"'
am__untar='$${TAR-tar} xf -'
bindir='${exec_prefix}/bin'
build_alias=''
datadir='${datarootdir}'
datarootdir='${prefix}/share'
docdir='${datarootdir}/doc/${PACKAGE_TARNAME}'
dvidir='${docdir}'
exec_prefix='${prefix}'
host_alias=''
htmldir='${docdir}'
includedir='${prefix}/include'
infodir='${datarootdir}/info'
install_sh='${SHELL} /home/rafael/PesquisaMestrado/MASA-OmpSs/masa-ompss-1.0.1.1024/admin/install-sh'
libdir='${exec_prefix}/lib'
libexecdir='${exec_prefix}/libexec'
localedir='${datarootdir}/locale'
localstatedir='${prefix}/var'
mandir='${datarootdir}/man'
mcxx='/usr/local/bin/mcxx'
mkdir_p='/bin/mkdir -p'
oldincludedir='/usr/include'
pdfdir='${docdir}'
prefix='/usr/local'
program_transform_name='s,x,x,'
psdir='${docdir}'
runstatedir='${localstatedir}/run'
sbindir='${exec_prefix}/sbin'
sharedstatedir='${prefix}/com'
subdirs=' libs/masa-core'
sysconfdir='${prefix}/etc'
target_alias=''

## ----------- ##
## confdefs.h. ##
## ----------- ##

/* confdefs.h */
#define PACKAGE_NAME "MASA-OmpSs"
#define PACKAGE_TARNAME "masa-ompss"
#define PACKAGE_VERSION "1.0.1.1024"
#define PACKAGE_STRING "MASA-OmpSs 1.0.1.1024"
#define PACKAGE_BUGREPORT "edans.sandes@gmail.com"
#define PACKAGE_URL "https://sourceforge.net/projects/cudalign/"
#define PACKAGE "masa-ompss"
#define VERSION "1.0.1.1024"
#define HAVE_LIBS_MASA_CORE 1
#define HAVE_LIBS_MASA_CORE_SRC 1

configure: exit 0
